<?xml version="1.0" encoding="UTF-8"?>
<testng-results ignored="0" total="3" passed="3" failed="0" skipped="0">
  <reporter-output>
    <line>
      <![CDATA[Driver is initialized]]>
    </line>
    <line>
      <![CDATA[Driver is initialized]]>
    </line>
    <line>
      <![CDATA[Driver is initialized]]>
    </line>
    <line>
      <![CDATA[Navigated to Home Page]]>
    </line>
    <line>
      <![CDATA[Successfully validated text message]]>
    </line>
    <line>
      <![CDATA[Driver closed]]>
    </line>
    <line>
      <![CDATA[Navigated to Home Page]]>
    </line>
    <line>
      <![CDATA[Navigated to Home Page]]>
    </line>
    <line>
      <![CDATA[Navigate Bar is displayed]]>
    </line>
    <line>
      <![CDATA[Driver closed]]>
    </line>
    <line>
      <![CDATA[User Login with Invalid credentials]]>
    </line>
    <line>
      <![CDATA[Driver closed]]>
    </line>
  </reporter-output>
  <suite started-at="2022-01-24T19:56:22 IST" name="Suite" finished-at="2022-01-24T19:57:20 IST" duration-ms="58785">
    <groups>
    </groups>
    <test started-at="2022-01-24T19:56:22 IST" name="Validating Page Title" finished-at="2022-01-24T19:56:44 IST" duration-ms="22788">
      <class name="E2EDemoTesting.validateTitle">
        <test-method is-config="true" signature="initialize()[pri:0, instance:E2EDemoTesting.validateTitle@117632cf]" started-at="2022-01-24T19:56:22 IST" name="initialize" finished-at="2022-01-24T19:56:43 IST" duration-ms="21875" status="PASS">
          <reporter-output>
            <line>
              <![CDATA[Driver is initialized]]>
            </line>
            <line>
              <![CDATA[Navigated to Home Page]]>
            </line>
          </reporter-output>
        </test-method> <!-- initialize -->
        <test-method signature="basePageNavigation()[pri:0, instance:E2EDemoTesting.validateTitle@117632cf]" started-at="2022-01-24T19:56:44 IST" name="basePageNavigation" finished-at="2022-01-24T19:56:44 IST" duration-ms="237" status="PASS">
          <reporter-output>
            <line>
              <![CDATA[Successfully validated text message]]>
            </line>
          </reporter-output>
        </test-method> <!-- basePageNavigation -->
        <test-method is-config="true" signature="tearDown()[pri:0, instance:E2EDemoTesting.validateTitle@117632cf]" started-at="2022-01-24T19:56:44 IST" name="tearDown" finished-at="2022-01-24T19:56:44 IST" duration-ms="488" status="PASS">
          <reporter-output>
            <line>
              <![CDATA[Driver closed]]>
            </line>
          </reporter-output>
        </test-method> <!-- tearDown -->
      </class> <!-- E2EDemoTesting.validateTitle -->
    </test> <!-- Validating Page Title -->
    <test started-at="2022-01-24T19:56:22 IST" name="Validating Page Navigation Bar" finished-at="2022-01-24T19:56:50 IST" duration-ms="28372">
      <class name="E2EDemoTesting.validateNavigationBar">
        <test-method is-config="true" signature="initialize()[pri:0, instance:E2EDemoTesting.validateNavigationBar@e041f0c]" started-at="2022-01-24T19:56:22 IST" name="initialize" finished-at="2022-01-24T19:56:47 IST" duration-ms="25666" status="PASS">
          <reporter-output>
            <line>
              <![CDATA[Driver is initialized]]>
            </line>
            <line>
              <![CDATA[Navigated to Home Page]]>
            </line>
          </reporter-output>
        </test-method> <!-- initialize -->
        <test-method signature="basePageNavigation()[pri:0, instance:E2EDemoTesting.validateNavigationBar@e041f0c]" started-at="2022-01-24T19:56:47 IST" name="basePageNavigation" finished-at="2022-01-24T19:56:49 IST" duration-ms="2150" status="PASS">
          <reporter-output>
            <line>
              <![CDATA[Navigate Bar is displayed]]>
            </line>
          </reporter-output>
        </test-method> <!-- basePageNavigation -->
        <test-method is-config="true" signature="tearDown()[pri:0, instance:E2EDemoTesting.validateNavigationBar@e041f0c]" started-at="2022-01-24T19:56:49 IST" name="tearDown" finished-at="2022-01-24T19:56:50 IST" duration-ms="540" status="PASS">
          <reporter-output>
            <line>
              <![CDATA[Driver closed]]>
            </line>
          </reporter-output>
        </test-method> <!-- tearDown -->
      </class> <!-- E2EDemoTesting.validateNavigationBar -->
    </test> <!-- Validating Page Navigation Bar -->
    <test started-at="2022-01-24T19:56:22 IST" name="Validating Home Page and Traversing through Login" finished-at="2022-01-24T19:57:20 IST" duration-ms="58785">
      <class name="E2EDemoTesting.HomePage">
        <test-method is-config="true" signature="initialize()[pri:0, instance:E2EDemoTesting.HomePage@2bffa76d]" started-at="2022-01-24T19:56:22 IST" name="initialize" finished-at="2022-01-24T19:56:49 IST" duration-ms="27699" status="PASS">
          <reporter-output>
            <line>
              <![CDATA[Driver is initialized]]>
            </line>
            <line>
              <![CDATA[Navigated to Home Page]]>
            </line>
          </reporter-output>
        </test-method> <!-- initialize -->
        <test-method signature="basePageNavigation()[pri:0, instance:E2EDemoTesting.HomePage@2bffa76d]" started-at="2022-01-24T19:56:49 IST" name="basePageNavigation" finished-at="2022-01-24T19:57:20 IST" duration-ms="30883" status="PASS">
          <reporter-output>
            <line>
              <![CDATA[User Login with Invalid credentials]]>
            </line>
          </reporter-output>
        </test-method> <!-- basePageNavigation -->
        <test-method is-config="true" signature="tearDown()[pri:0, instance:E2EDemoTesting.HomePage@2bffa76d]" started-at="2022-01-24T19:57:20 IST" name="tearDown" finished-at="2022-01-24T19:57:20 IST" duration-ms="177" status="PASS">
          <reporter-output>
            <line>
              <![CDATA[Driver closed]]>
            </line>
          </reporter-output>
        </test-method> <!-- tearDown -->
      </class> <!-- E2EDemoTesting.HomePage -->
    </test> <!-- Validating Home Page and Traversing through Login -->
  </suite> <!-- Suite -->
</testng-results>
